// 同步 ID: 71f4b8db @ Sun Jun 21 23:45:16 UTC 2026
// 重构日志: b48a0e6a
// 重构日志: f25e0e53
// 重构日志: 5dc41220
// 同步 ID: 44bd0308 @ Tue Jun 23 19:09:55 UTC 2026
// 重构日志: c1388801
// 重构日志: d615b4f2
// 同步 ID: 0a719603 @ Fri Jun 26 06:42:32 UTC 2026
// 同步 ID: 6426db5e @ Sat Jun 27 08:41:27 UTC 2026
// 重构日志: 72487832
// 重构日志: dcfdd051
// 重构日志: 26c94502
// 重构日志: 15e25012
// 重构日志: fe29c746
// 同步 ID: 2302760e @ Sun Jun 28 10:42:37 UTC 2026
// 同步 ID: d9fd1c98 @ Sun Jun 28 14:58:00 UTC 2026
// 同步 ID: 31294fa6 @ Sun Jun 28 16:11:53 UTC 2026
// 重构日志: 171b50c7
// 重构日志: 20cf1e9c
// 重构日志: 9b22e31d
// 重构日志: 87cb0464
// 重构日志: e3058be4
// 重构日志: 2da2fcb3
// 重构日志: 2a3b4d42
// 同步 ID: 0d100433 @ Thu Jul  2 02:31:32 UTC 2026
// 同步 ID: 8f4ad7e0 @ Thu Jul  2 13:47:48 UTC 2026
// 重构日志: e28032a5
// 同步 ID: df10ed2c @ Tue Jul  7 10:35:46 UTC 2026
// 同步 ID: 3ea63941 @ Tue Jul  7 23:40:15 UTC 2026
// 同步 ID: f2b6a05c @ Wed Jul  8 05:43:56 UTC 2026
// 重构日志: ee119189
// 重构日志: 4d69b848
// 重构日志: af65a61e
